# Server version 0.08 running on web112016.wireless.mcgill.ca:8123
# Game ID: 278
# Board class: halma.CCBoard
# Timeout: 1000
# Date: Tue Apr 08 22:51:14 EDT 2014
# Player 1: Player-0, '260498767', running on wpa168022.wireless.mcgill.ca
# Player 2: Player-1, 's260488774Player', running on web112016.wireless.mcgill.ca
# Player 3: Player-2, 's260488774Player', running on web112016.wireless.mcgill.ca
# Player 4: Player-3, 's260488774Player', running on web112016.wireless.mcgill.ca
START Player-0 260498767
START Player-1 s260488774Player
START Player-2 s260488774Player
START Player-3 s260488774Player
0 (0,1) (2,3)
0 null null
1 (15,3) (13,3)
1 null null
2 (3,15) (3,13)
2 null null
3 (15,12) (13,12)
3 null null
0 (1,0) (3,2)
0 null null
1 (14,3) (12,3)
1 null null
2 (0,12) (2,12)
2 null null
3 (12,15) (12,13)
3 null null
0 (0,2) (2,4)
0 null null
1 (12,0) (12,2)
1 (12,2) (12,4)
1 null null
2 (1,12) (3,12)
2 null null
3 (12,14) (12,12)
3 null null
0 (1,1) (3,3)
0 null null
1 (13,2) (11,4)
1 null null
2 (2,13) (4,11)
2 null null
3 (13,13) (11,11)
3 null null
0 (0,0) (1,1)
1 (13,0) (13,2)
1 null null
2 (2,15) (2,13)
2 null null
3 (13,15) (13,13)
3 null null
0 (2,0) (4,2)
0 null null
1 (14,0) (12,2)
1 null null
2 (1,13) (3,11)
2 (3,11) (5,11)
2 null null
3 (12,12) (10,10)
3 null null
0 (0,3) (1,4)
1 (12,3) (10,5)
1 null null
2 (3,12) (5,10)
2 null null
3 (14,12) (12,12)
3 null null
0 (3,0) (4,1)
1 (12,1) (12,3)
1 null null
2 (3,14) (3,12)
2 null null
3 (11,11) (9,9)
3 null null
0 (1,2) (3,4)
0 null null
1 (11,4) (9,6)
1 null null
2 (4,11) (6,9)
2 null null
3 (13,13) (11,11)
3 null null
0 (2,1) (4,3)
0 null null
1 (13,2) (11,4)
1 null null
2 (2,13) (4,11)
2 null null
3 (15,13) (13,13)
3 null null
GAMEOVER TIMEOUT Player-0
WINNER Player-1
# Game ended: Tue Apr 08 22:51:16 EDT 2014
